Arguments: 
  D:\NodeJS\node.exe D:\NodeJS\node_global\node_modules\yarn\bin\yarn.js add -D sass less

PATH: 
  D:\Study\HongyiOJ\node_modules\.bin;C:\Windows\system32;C:\Windows;C:\Windows\System32\Wbem;C:\Windows\System32\WindowsPowerShell\v1.0\;C:\Windows\System32\OpenSSH\;D:\Git\Git\cmd;D:\NodeJS\;D:\XShell\;D:\Xftp\;D:\JDK15\bin;D:\Anaconda\Anaconda3;D:\Anaconda\Anaconda3\Scripts;D:\Anaconda\Anaconda3\Library\bin;C:\Users\Xin\AppData\Local\Microsoft\WindowsApps;D:\WebStorm\WebStorm 2020.3.2\bin;;D:\IDEA\IntelliJ IDEA 2020.3.2\bin;;D:\PyCharm\PyCharm 2020.3.3\bin;;D:\NodeJS\node_global;;D:\VSCode\Microsoft VS Code\bin

Yarn version: 
  1.22.10

Node version: 
  14.16.0

Platform: 
  win32 x64

Trace: 
  Error: EPERM: operation not permitted, unlink 'D:\Study\HongyiOJ\node_modules\esbuild\esbuild.exe'

npm manifest: 
  {
    "name": "HongyiOJ",
    "version": "0.0.0",
    "scripts": {
      "dev": "vite",
      "build": "vite build",
      "serve": "vite preview"
    },
    "dependencies": {
      "@ant-design/icons": "^4.5.0",
      "antd": "^4.14.0",
      "axios": "^0.21.1",
      "babel-plugin-import": "^1.13.3",
      "less": "^4.1.1",
      "less-loader": "^8.0.0",
      "react": "^17.0.1",
      "react-dom": "^17.0.0",
      "react-redux": "^7.2.2",
      "react-router-config": "^5.1.1",
      "react-router-dom": "^5.2.0",
      "redux": "^4.0.5"
    },
    "devDependencies": {
      "@vitejs/plugin-react-refresh": "^1.3.1",
      "vite": "^2.1.0"
    }
  }

yarn manifest: 
  No manifest

Lockfile: 
  No lockfile
